This is pdfTeX, Version 3.14159265-2.6-1.40.17 (TeX Live 2016) (preloaded format=pdflatex 2016.5.22)  9 MAY 2018 10:54
entering extended mode
 restricted \write18 enabled.
 file:line:error style messages enabled.
 %&-line parsing enabled.
**"Report Template.tex"
(./Report Template.tex
LaTeX2e <2016/03/31>
Babel <3.9r> and hyphenation patterns for 83 language(s) loaded.
(/usr/local/texlive/2016/texmf-dist/tex/latex/base/article.cls
Document Class: article 2014/09/29 v1.4h Standard LaTeX document class
(/usr/local/texlive/2016/texmf-dist/tex/latex/base/size12.clo
File: size12.clo 2014/09/29 v1.4h Standard LaTeX file (size option)
)
\c@part=\count79
\c@section=\count80
\c@subsection=\count81
\c@subsubsection=\count82
\c@paragraph=\count83
\c@subparagraph=\count84
\c@figure=\count85
\c@table=\count86
\abovecaptionskip=\skip41
\belowcaptionskip=\skip42
\bibindent=\dimen102
)
(/usr/local/texlive/2016/texmf-dist/tex/latex/amsfonts/amssymb.sty
Package: amssymb 2013/01/14 v3.01 AMS font symbols

(/usr/local/texlive/2016/texmf-dist/tex/latex/amsfonts/amsfonts.sty
Package: amsfonts 2013/01/14 v3.01 Basic AMSFonts support
\@emptytoks=\toks14
\symAMSa=\mathgroup4
\symAMSb=\mathgroup5
LaTeX Font Info:    Overwriting math alphabet `\mathfrak' in version `bold'
(Font)                  U/euf/m/n --> U/euf/b/n on input line 106.
))
(/usr/local/texlive/2016/texmf-dist/tex/latex/amsmath/amsmath.sty
Package: amsmath 2016/03/10 v2.15b AMS math features
\@mathmargin=\skip43

For additional information on amsmath, use the `?' option.
(/usr/local/texlive/2016/texmf-dist/tex/latex/amsmath/amstext.sty
Package: amstext 2000/06/29 v2.01 AMS text

(/usr/local/texlive/2016/texmf-dist/tex/latex/amsmath/amsgen.sty
File: amsgen.sty 1999/11/30 v2.0 generic functions
\@emptytoks=\toks15
\ex@=\dimen103
))
(/usr/local/texlive/2016/texmf-dist/tex/latex/amsmath/amsbsy.sty
Package: amsbsy 1999/11/29 v1.2d Bold Symbols
\pmbraise@=\dimen104
)
(/usr/local/texlive/2016/texmf-dist/tex/latex/amsmath/amsopn.sty
Package: amsopn 2016/03/08 v2.02 operator names
)
\inf@bad=\count87
LaTeX Info: Redefining \frac on input line 199.
\uproot@=\count88
\leftroot@=\count89
LaTeX Info: Redefining \overline on input line 297.
\classnum@=\count90
\DOTSCASE@=\count91
LaTeX Info: Redefining \ldots on input line 394.
LaTeX Info: Redefining \dots on input line 397.
LaTeX Info: Redefining \cdots on input line 518.
\Mathstrutbox@=\box26
\strutbox@=\box27
\big@size=\dimen105
LaTeX Font Info:    Redeclaring font encoding OML on input line 634.
LaTeX Font Info:    Redeclaring font encoding OMS on input line 635.
\macc@depth=\count92
\c@MaxMatrixCols=\count93
\dotsspace@=\muskip10
\c@parentequation=\count94
\dspbrk@lvl=\count95
\tag@help=\toks16
\row@=\count96
\column@=\count97
\maxfields@=\count98
\andhelp@=\toks17
\eqnshift@=\dimen106
\alignsep@=\dimen107
\tagshift@=\dimen108
\tagwidth@=\dimen109
\totwidth@=\dimen110
\lineht@=\dimen111
\@envbody=\toks18
\multlinegap=\skip44
\multlinetaggap=\skip45
\mathdisplay@stack=\toks19
LaTeX Info: Redefining \[ on input line 2739.
LaTeX Info: Redefining \] on input line 2740.
)
(/usr/local/texlive/2016/texmf-dist/tex/latex/endnotes/endnotes.sty
\c@endnote=\count99
\endnotesep=\dimen112
\@enotes=\write3
)
(/usr/local/texlive/2016/texmf-dist/tex/latex/setspace/setspace.sty
Package: setspace 2011/12/19 v6.7a set line spacing
)
(/usr/local/texlive/2016/texmf-dist/tex/latex/tools/enumerate.sty
Package: enumerate 2015/07/23 v3.00 enumerate extensions (DPC)
\@enLab=\toks20
)
(/usr/local/texlive/2016/texmf-dist/tex/generic/ulem/ulem.sty
\UL@box=\box28
\UL@hyphenbox=\box29
\UL@skip=\skip46
\UL@hook=\toks21
\UL@height=\dimen113
\UL@pe=\count100
\UL@pixel=\dimen114
\ULC@box=\box30
Package: ulem 2012/05/18
\ULdepth=\dimen115
)
(/usr/local/texlive/2016/texmf-dist/tex/latex/graphics/color.sty
Package: color 2016/05/09 v1.1c Standard LaTeX Color (DPC)

(/usr/local/texlive/2016/texmf-dist/tex/latex/graphics-cfg/color.cfg
File: color.cfg 2016/01/02 v1.6 sample color configuration
)
Package color Info: Driver file: pdftex.def on input line 144.

(/usr/local/texlive/2016/texmf-dist/tex/latex/pdftex-def/pdftex.def
File: pdftex.def 2011/05/27 v0.06d Graphics/color for pdfTeX

(/usr/local/texlive/2016/texmf-dist/tex/generic/oberdiek/infwarerr.sty
Package: infwarerr 2016/05/16 v1.4 Providing info/warning/error messages (HO)
)
(/usr/local/texlive/2016/texmf-dist/tex/generic/oberdiek/ltxcmds.sty
Package: ltxcmds 2016/05/16 v1.23 LaTeX kernel commands for general use (HO)
)
\Gread@gobject=\count101
))
(/usr/local/texlive/2016/texmf-dist/tex/latex/tools/xspace.sty
Package: xspace 2014/10/28 v1.13 Space after command names (DPC,MH)
)
(/usr/local/texlive/2016/texmf-dist/tex/latex/graphics/lscape.sty
Package: lscape 2000/10/22 v3.01 Landscape Pages (DPC)

(/usr/local/texlive/2016/texmf-dist/tex/latex/graphics/graphics.sty
Package: graphics 2016/05/09 v1.0r Standard LaTeX Graphics (DPC,SPQR)

(/usr/local/texlive/2016/texmf-dist/tex/latex/graphics/trig.sty
Package: trig 2016/01/03 v1.10 sin cos tan (DPC)
)
(/usr/local/texlive/2016/texmf-dist/tex/latex/graphics-cfg/graphics.cfg
File: graphics.cfg 2016/01/02 v1.10 sample graphics configuration
)
Package graphics Info: Driver file: pdftex.def on input line 96.
))
(/usr/local/texlive/2016/texmf-dist/tex/latex/natbib/natbib.sty
Package: natbib 2010/09/13 8.31b (PWD, AO)
\bibhang=\skip47
\bibsep=\skip48
LaTeX Info: Redefining \cite on input line 694.
\c@NAT@ctr=\count102
)
(/usr/local/texlive/2016/texmf-dist/tex/latex/tools/multicol.sty
Package: multicol 2016/04/07 v1.8p multicolumn formatting (FMi)
\c@tracingmulticols=\count103
\mult@box=\box31
\multicol@leftmargin=\dimen116
\c@unbalance=\count104
\c@collectmore=\count105
\doublecol@number=\count106
\multicoltolerance=\count107
\multicolpretolerance=\count108
\full@width=\dimen117
\page@free=\dimen118
\premulticols=\dimen119
\postmulticols=\dimen120
\multicolsep=\skip49
\multicolbaselineskip=\skip50
\partial@page=\box32
\last@line=\box33
\maxbalancingoverflow=\dimen121
\mult@rightbox=\box34
\mult@grightbox=\box35
\mult@gfirstbox=\box36
\mult@firstbox=\box37
\@tempa=\box38
\@tempa=\box39
\@tempa=\box40
\@tempa=\box41
\@tempa=\box42
\@tempa=\box43
\@tempa=\box44
\@tempa=\box45
\@tempa=\box46
\@tempa=\box47
\@tempa=\box48
\@tempa=\box49
\@tempa=\box50
\@tempa=\box51
\@tempa=\box52
\@tempa=\box53
\@tempa=\box54
\c@columnbadness=\count109
\c@finalcolumnbadness=\count110
\last@try=\dimen122
\multicolovershoot=\dimen123
\multicolundershoot=\dimen124
\mult@nat@firstbox=\box55
\colbreak@box=\box56
\mc@col@check@num=\count111
)
(/usr/local/texlive/2016/texmf-dist/tex/latex/graphics/graphicx.sty
Package: graphicx 2014/10/28 v1.0g Enhanced LaTeX Graphics (DPC,SPQR)

(/usr/local/texlive/2016/texmf-dist/tex/latex/graphics/keyval.sty
Package: keyval 2014/10/28 v1.15 key=value parser (DPC)
\KV@toks@=\toks22
)
\Gin@req@height=\dimen125
\Gin@req@width=\dimen126
)
(/usr/local/texlive/2016/texmf-dist/tex/latex/subfig/subfig.sty
Package: subfig 2005/06/28 ver: 1.3 subfig package

(/usr/local/texlive/2016/texmf-dist/tex/latex/caption/caption.sty
Package: caption 2016/02/21 v3.3-144 Customizing captions (AR)

(/usr/local/texlive/2016/texmf-dist/tex/latex/caption/caption3.sty
Package: caption3 2016/02/04 v1.7-139 caption3 kernel (AR)
Package caption3 Info: TeX engine: e-TeX on input line 67.
\captionmargin=\dimen127
\captionmargin@=\dimen128
\captionwidth=\dimen129
\caption@tempdima=\dimen130
\caption@indent=\dimen131
\caption@parindent=\dimen132
\caption@hangindent=\dimen133
)
\c@ContinuedFloat=\count112
)
\c@KVtest=\count113
\sf@farskip=\skip51
\sf@captopadj=\dimen134
\sf@capskip=\skip52
\sf@nearskip=\skip53
\c@subfigure=\count114
\c@subfigure@save=\count115
\c@lofdepth=\count116
\c@subtable=\count117
\c@subtable@save=\count118
\c@lotdepth=\count119
\sf@top=\skip54
\sf@bottom=\skip55
)
(/usr/local/texlive/2016/texmf-dist/tex/latex/tools/tabularx.sty
Package: tabularx 2016/02/03 v2.11 `tabularx' package (DPC)

(/usr/local/texlive/2016/texmf-dist/tex/latex/tools/array.sty
Package: array 2014/10/28 v2.4c Tabular extension package (FMi)
\col@sep=\dimen135
\extrarowheight=\dimen136
\NC@list=\toks23
\extratabsurround=\skip56
\backup@length=\skip57
)
\TX@col@width=\dimen137
\TX@old@table=\dimen138
\TX@old@col=\dimen139
\TX@target=\dimen140
\TX@delta=\dimen141
\TX@cols=\count120
\TX@ftn=\toks24
)
(/usr/local/texlive/2016/texmf-dist/tex/latex/float/float.sty
Package: float 2001/11/08 v1.3d Float enhancements (AL)
\c@float@type=\count121
\float@exts=\toks25
\float@box=\box57
\@float@everytoks=\toks26
\@floatcapt=\box58
)
(/usr/local/texlive/2016/texmf-dist/tex/latex/multirow/multirow.sty
\bigstrutjot=\dimen142
)
(/usr/local/texlive/2016/texmf-dist/tex/latex/booktabs/booktabs.sty
Package: booktabs 2016/04/27 v1.618033 publication quality tables
\heavyrulewidth=\dimen143
\lightrulewidth=\dimen144
\cmidrulewidth=\dimen145
\belowrulesep=\dimen146
\belowbottomsep=\dimen147
\aboverulesep=\dimen148
\abovetopsep=\dimen149
\cmidrulesep=\dimen150
\cmidrulekern=\dimen151
\defaultaddspace=\dimen152
\@cmidla=\count122
\@cmidlb=\count123
\@aboverulesep=\dimen153
\@belowrulesep=\dimen154
\@thisruleclass=\count124
\@lastruleclass=\count125
\@thisrulewidth=\dimen155
)
(/usr/local/texlive/2016/texmf-dist/tex/latex/geometry/geometry.sty
Package: geometry 2010/09/12 v5.6 Page Geometry

(/usr/local/texlive/2016/texmf-dist/tex/generic/oberdiek/ifpdf.sty
Package: ifpdf 2016/05/14 v3.1 Provides the ifpdf switch
)
(/usr/local/texlive/2016/texmf-dist/tex/generic/oberdiek/ifvtex.sty
Package: ifvtex 2016/05/16 v1.6 Detect VTeX and its facilities (HO)
Package ifvtex Info: VTeX not detected.
)
(/usr/local/texlive/2016/texmf-dist/tex/generic/ifxetex/ifxetex.sty
Package: ifxetex 2010/09/12 v0.6 Provides ifxetex conditional
)
\Gm@cnth=\count126
\Gm@cntv=\count127
\c@Gm@tempcnt=\count128
\Gm@bindingoffset=\dimen156
\Gm@wd@mp=\dimen157
\Gm@odd@mp=\dimen158
\Gm@even@mp=\dimen159
\Gm@layoutwidth=\dimen160
\Gm@layoutheight=\dimen161
\Gm@layouthoffset=\dimen162
\Gm@layoutvoffset=\dimen163
\Gm@dimlist=\toks27
)
(./Report Template.aux

LaTeX Warning: Label `label' multiply defined.


LaTeX Warning: Label `label' multiply defined.

)
\openout1 = `"Report Template.aux"'.

LaTeX Font Info:    Checking defaults for OML/cmm/m/it on input line 19.
LaTeX Font Info:    ... okay on input line 19.
LaTeX Font Info:    Checking defaults for T1/cmr/m/n on input line 19.
LaTeX Font Info:    ... okay on input line 19.
LaTeX Font Info:    Checking defaults for OT1/cmr/m/n on input line 19.
LaTeX Font Info:    ... okay on input line 19.
LaTeX Font Info:    Checking defaults for OMS/cmsy/m/n on input line 19.
LaTeX Font Info:    ... okay on input line 19.
LaTeX Font Info:    Checking defaults for OMX/cmex/m/n on input line 19.
LaTeX Font Info:    ... okay on input line 19.
LaTeX Font Info:    Checking defaults for U/cmr/m/n on input line 19.
LaTeX Font Info:    ... okay on input line 19.
 (/usr/local/texlive/2016/texmf-dist/tex/context/base/mkii/supp-pdf.mkii
[Loading MPS to PDF converter (version 2006.09.02).]
\scratchcounter=\count129
\scratchdimen=\dimen164
\scratchbox=\box59
\nofMPsegments=\count130
\nofMParguments=\count131
\everyMPshowfont=\toks28
\MPscratchCnt=\count132
\MPscratchDim=\dimen165
\MPnumerator=\count133
\makeMPintoPDFobject=\count134
\everyMPtoPDFconversion=\toks29
) (/usr/local/texlive/2016/texmf-dist/tex/generic/oberdiek/pdftexcmds.sty
Package: pdftexcmds 2016/05/10 v0.21 Utility functions of pdfTeX for LuaTeX (HO
)

(/usr/local/texlive/2016/texmf-dist/tex/generic/oberdiek/ifluatex.sty
Package: ifluatex 2016/05/16 v1.4 Provides the ifluatex switch (HO)
Package ifluatex Info: LuaTeX not detected.
)
Package pdftexcmds Info: LuaTeX not detected.
Package pdftexcmds Info: \pdf@primitive is available.
Package pdftexcmds Info: \pdf@ifprimitive is available.
Package pdftexcmds Info: \pdfdraftmode found.
)
(/usr/local/texlive/2016/texmf-dist/tex/latex/oberdiek/epstopdf-base.sty
Package: epstopdf-base 2016/05/15 v2.6 Base part for package epstopdf

(/usr/local/texlive/2016/texmf-dist/tex/latex/oberdiek/grfext.sty
Package: grfext 2016/05/16 v1.2 Manage graphics extensions (HO)

(/usr/local/texlive/2016/texmf-dist/tex/generic/oberdiek/kvdefinekeys.sty
Package: kvdefinekeys 2016/05/16 v1.4 Define keys (HO)
))
(/usr/local/texlive/2016/texmf-dist/tex/latex/oberdiek/kvoptions.sty
Package: kvoptions 2016/05/16 v3.12 Key value format for package options (HO)

(/usr/local/texlive/2016/texmf-dist/tex/generic/oberdiek/kvsetkeys.sty
Package: kvsetkeys 2016/05/16 v1.17 Key value parser (HO)

(/usr/local/texlive/2016/texmf-dist/tex/generic/oberdiek/etexcmds.sty
Package: etexcmds 2016/05/16 v1.6 Avoid name clashes with e-TeX commands (HO)
Package etexcmds Info: Could not find \expanded.
(etexcmds)             That can mean that you are not using pdfTeX 1.50 or
(etexcmds)             that some package has redefined \expanded.
(etexcmds)             In the latter case, load this package earlier.
)))
Package grfext Info: Graphics extension search list:
(grfext)             [.png,.pdf,.jpg,.mps,.jpeg,.jbig2,.jb2,.PNG,.PDF,.JPG,.JPE
G,.JBIG2,.JB2,.eps]
(grfext)             \AppendGraphicsExtensions on input line 456.

(/usr/local/texlive/2016/texmf-dist/tex/latex/latexconfig/epstopdf-sys.cfg
File: epstopdf-sys.cfg 2010/07/13 v1.3 Configuration of (r)epstopdf for TeX Liv
e
))
Package caption Info: Begin \AtBeginDocument code.
Package caption Info: subfig package v1.3 is loaded.
Package caption Info: float package is loaded.
Package caption Info: End \AtBeginDocument code.

*geometry* driver: auto-detecting
*geometry* detected driver: pdftex
*geometry* verbose mode - [ preamble ] result:
* driver: pdftex
* paper: <default>
* layout: <same size as paper>
* layoutoffset:(h,v)=(0.0pt,0.0pt)
* bindingoffset: 42.67912pt
* modes: 
* h-part:(L,W,R)=(85.35826pt, 400.89935pt, 85.35826pt)
* v-part:(T,H,B)=(85.35826pt, 624.25346pt, 85.35826pt)
* \paperwidth=614.295pt
* \paperheight=794.96999pt
* \textwidth=400.89935pt
* \textheight=624.25346pt
* \oddsidemargin=55.7674pt
* \evensidemargin=13.08827pt
* \topmargin=-23.91173pt
* \headheight=12.0pt
* \headsep=25.0pt
* \topskip=12.0pt
* \footskip=30.0pt
* \marginparwidth=44.0pt
* \marginparsep=10.0pt
* \columnsep=0.28436pt
* \skip\footins=10.8pt plus 4.0pt minus 2.0pt
* \hoffset=0.0pt
* \voffset=0.0pt
* \mag=1000
* \@twocolumnfalse
* \@twosidefalse
* \@mparswitchfalse
* \@reversemarginfalse
* (1in=72.27pt=25.4mm, 1cm=28.453pt)

LaTeX Font Info:    Try loading font information for U+msa on input line 31.
(/usr/local/texlive/2016/texmf-dist/tex/latex/amsfonts/umsa.fd
File: umsa.fd 2013/01/14 v3.01 AMS symbols A
)
LaTeX Font Info:    Try loading font information for U+msb on input line 31.

(/usr/local/texlive/2016/texmf-dist/tex/latex/amsfonts/umsb.fd
File: umsb.fd 2013/01/14 v3.01 AMS symbols B
)
LaTeX Font Info:    Try loading font information for OMS+cmr on input line 31.

(/usr/local/texlive/2016/texmf-dist/tex/latex/base/omscmr.fd
File: omscmr.fd 2014/09/29 v2.5h Standard LaTeX font definitions
)
LaTeX Font Info:    Font shape `OMS/cmr/m/n' in size <10> not available
(Font)              Font shape `OMS/cmsy/m/n' tried instead on input line 31.
LaTeX Font Info:    Font shape `OMS/cmr/m/n' in size <7> not available
(Font)              Font shape `OMS/cmsy/m/n' tried instead on input line 31.
 [1

{/usr/local/texlive/2016/texmf-var/fonts/map/pdftex/updmap/pdftex.map}]
<images/TotalCommentsPosts.png, id=13, 524.96124pt x 418.56375pt>
File: images/TotalCommentsPosts.png Graphic file (type png)

<use images/TotalCommentsPosts.png>
Package pdftex.def Info: images/TotalCommentsPosts.png used on input line 69.
(pdftex.def)             Requested size: 400.89935pt x 319.65733pt.
 [1] [2 <./images/TotalCommentsPosts.png>]
[3]
Underfull \hbox (badness 10000) in paragraph at lines 136--137
[]\OT1/cmr/m/n/12 Total Mean Coin Com-ment
 []

[4] <images/AllCoinTrends1.png, id=28, 803.0pt x 560.0925pt>
File: images/AllCoinTrends1.png Graphic file (type png)

<use images/AllCoinTrends1.png>
Package pdftex.def Info: images/AllCoinTrends1.png used on input line 163.
(pdftex.def)             Requested size: 400.89935pt x 279.63533pt.

<images/Group1TrendsTotal.png, id=29, 572.1375pt x 457.71pt>
File: images/Group1TrendsTotal.png Graphic file (type png)

<use images/Group1TrendsTotal.png>
Package pdftex.def Info: images/Group1TrendsTotal.png used on input line 171.
(pdftex.def)             Requested size: 160.35728pt x 128.28363pt.

<images/Group2TrendsTotal.png, id=30, 524.96124pt x 418.56375pt>
File: images/Group2TrendsTotal.png Graphic file (type png)

<use images/Group2TrendsTotal.png>
Package pdftex.def Info: images/Group2TrendsTotal.png used on input line 173.
(pdftex.def)             Requested size: 160.35728pt x 127.85654pt.

<images/Group3TrendsTotal.png, id=31, 524.96124pt x 418.56375pt>
File: images/Group3TrendsTotal.png Graphic file (type png)

<use images/Group3TrendsTotal.png>
Package pdftex.def Info: images/Group3TrendsTotal.png used on input line 175.
(pdftex.def)             Requested size: 160.35728pt x 127.85654pt.

<images/PCAFullModel.png, id=32, 652.4375pt x 402.50375pt>
File: images/PCAFullModel.png Graphic file (type png)

<use images/PCAFullModel.png>
Package pdftex.def Info: images/PCAFullModel.png used on input line 182.
(pdftex.def)             Requested size: 400.89935pt x 247.33258pt.
 [5 <./images/AllCoinTrends1.png>] [6 <./images/Group1TrendsTotal.png> <./image
s/Group2TrendsTotal.png> <./images/Group3TrendsTotal.png> <./images/PCAFullMode
l.png>] [7] [8]
Underfull \hbox (badness 2376) in paragraph at lines 214--214
[]|\OT1/cmr/m/n/12 Correct: Went
 []


Underfull \hbox (badness 10000) in paragraph at lines 216--217
[]|\OT1/cmr/m/n/12 Correct: Did
 []


Overfull \hbox (5.29462pt too wide) in paragraph at lines 224--264
[][]  []
 []


Overfull \hbox (5.29462pt too wide) in paragraph at lines 224--264
[]  [] 
 []


Overfull \hbox (5.29462pt too wide) in paragraph at lines 269--309
[][]  []
 []


Overfull \hbox (5.29462pt too wide) in paragraph at lines 269--309
[]  [] 
 []

[9] [10]
LaTeX Font Info:    Font shape `OT1/cmtt/bx/n' in size <17.28> not available
(Font)              Font shape `OT1/cmtt/m/n' tried instead on input line 344.
 [11]
Overfull \hbox (29.5969pt too wide) in paragraph at lines 993--993
[]  \OT1/cmtt/m/n/10 plot(y = all_coin_data$Close[which(all_coin_data$Coin == i
 & all_coin_data$Day.1[] 
 []


Overfull \hbox (29.5969pt too wide) in paragraph at lines 993--993
[]       \OT1/cmtt/m/n/10 x = all_coin_data$Day.1[which(all_coin_data$Coin == i
 & all_coin_data$Day.1[] 
 []


Overfull \hbox (76.84648pt too wide) in paragraph at lines 993--993
[]        \OT1/cmtt/m/n/10 main = paste("Closing:", i), type = 'b', pch = 'o', 
xlab= "day", ylab = "Quantity")[] 
 []


Overfull \hbox (40.0968pt too wide) in paragraph at lines 993--993
[]      \OT1/cmtt/m/n/10 plot(y= all_coin_data$Total_Number_Coin_Comments[which
(all_coin_data$Coin == i[] 
 []


Overfull \hbox (29.5969pt too wide) in paragraph at lines 993--993
[]       \OT1/cmtt/m/n/10 x = all_coin_data$Day.1[which(all_coin_data$Coin == i
 & all_coin_data$Day.1[] 
 []


Overfull \hbox (8.59708pt too wide) in paragraph at lines 993--993
[]\OT1/cmtt/m/n/10 plot_dot_Total_Coin_Number_Submissions_FOMO <- function(grou
ps, range_values){[] 
 []


Overfull \hbox (66.34657pt too wide) in paragraph at lines 993--993
[]      \OT1/cmtt/m/n/10 plot(y= all_coin_data$Total_Coin_Submissions_Num_Fomo[
which(all_coin_data$Coin == i[] 
 []

[12]
Overfull \hbox (29.5969pt too wide) in paragraph at lines 993--993
[]       \OT1/cmtt/m/n/10 x = all_coin_data$Day.1[which(all_coin_data$Coin == i
 & all_coin_data$Day.1[] 
 []


Overfull \hbox (3.34712pt too wide) in paragraph at lines 993--993
[]\OT1/cmtt/m/n/10 plot_dot_Total_Coin_Number_Submissions_FUD <- function(group
s, range_values){[] 
 []


Overfull \hbox (61.09662pt too wide) in paragraph at lines 993--993
[]      \OT1/cmtt/m/n/10 plot(y= all_coin_data$Total_Coin_Submissions_Num_Fud[w
hich(all_coin_data$Coin == i[] 
 []


Overfull \hbox (29.5969pt too wide) in paragraph at lines 993--993
[]       \OT1/cmtt/m/n/10 x = all_coin_data$Day.1[which(all_coin_data$Coin == i
 & all_coin_data$Day.1[] 
 []


Overfull \hbox (45.34676pt too wide) in paragraph at lines 993--993
[]    \OT1/cmtt/m/n/10 plot( y = all_coin_data$Total_Coin_Comment_Num_Fomo[whic
h(all_coin_data$Coin == i[] 
 []


Overfull \hbox (45.34676pt too wide) in paragraph at lines 993--993
[]    \OT1/cmtt/m/n/10 plot( y = all_coin_data$Total_Coin_Comment_Num_Fomo[whic
h(all_coin_data$Coin == i[] 
 []


Overfull \hbox (55.84666pt too wide) in paragraph at lines 993--993
[]    \OT1/cmtt/m/n/10 & all_coin_data$Day.1 >= range_values[1] & all_coin_data
$Day.1 < range_values[2])],[] 
 []


Overfull \hbox (50.59671pt too wide) in paragraph at lines 993--993
[]          \OT1/cmtt/m/n/10 x  = all_coin_data$Day.1[which(all_coin_data$Coin 
== i & all_coin_data$Day.1[] 
 []

[13]
Overfull \hbox (19.09698pt too wide) in paragraph at lines 993--993
[]\OT1/cmtt/m/n/10 okay looking at these closer it seems like we should inspect
 between 230 and 250[] 
 []

[14]
Overfull \hbox (29.5969pt too wide) in paragraph at lines 993--993
[] \OT1/cmtt/m/n/10 None of them over lap or by very little if at all. Things t
o look into from here.[] 
 []


Overfull \hbox (24.34694pt too wide) in paragraph at lines 993--993
[]\OT1/cmtt/m/n/10 We see that in general that the comments have an upward tren
d in general. However[] 
 []


Overfull \hbox (82.09644pt too wide) in paragraph at lines 993--993
[]\OT1/cmtt/m/n/10 plot(x = all_coin_data$Day.1[which(all_coin_data$Day.1 >= 10
0 & all_coin_data$Day.1 < 200)],[] 
 []


Overfull \hbox (82.09644pt too wide) in paragraph at lines 993--993
[]\OT1/cmtt/m/n/10 plot(x = all_coin_data$Day.1[which(all_coin_data$Day.1 >= 14
0 & all_coin_data$Day.1 < 200)],[] 
 []


Overfull \hbox (82.09644pt too wide) in paragraph at lines 993--993
[]\OT1/cmtt/m/n/10 plot(x = all_coin_data$Day.1[which(all_coin_data$Day.1 >= 16
0 & all_coin_data$Day.1 < 200)],[] 
 []


Overfull \hbox (34.84685pt too wide) in paragraph at lines 993--993
[]\OT1/cmtt/m/n/10 plot(x = all_coin_data$Day.1[which(all_coin_data$Day.1 >= 16
0 & all_coin_data$Day.1[] 
 []


Overfull \hbox (24.34694pt too wide) in paragraph at lines 993--993
[]\OT1/cmtt/m/n/10 Once we get to the 160-180 it is harder to see that hump, bu
t before that you can[] 
 []

[15]
Overfull \hbox (118.84612pt too wide) in paragraph at lines 993--993
[]\OT1/cmtt/m/n/10 >= 160 & all_coin_data$Day.1 < 180)], all_coin_data$Total_Nu
mber_Comments[which(all_coin_data$Day.1[] 
 []


Overfull \hbox (3.34712pt too wide) in paragraph at lines 993--993
[]\OT1/cmtt/m/n/10 We see the humps of # comments also peaks at the same time t
heir price peaks.[] 
 []

[16]
Overfull \hbox (82.09644pt too wide) in paragraph at lines 993--993
[]\OT1/cmtt/m/n/10 plot(x = all_coin_data$Day.1[which(all_coin_data$Day.1 >= 24
0 & all_coin_data$Day.1 < 260)],[] 
 []

[17]
Overfull \hbox (24.34694pt too wide) in paragraph at lines 993--993
[]      \OT1/cmtt/m/n/10 day_curr = which(all_coin_data$Day.1 == i & all_coin_d
ata$Coin == coins[j])[] 
 []


Overfull \hbox (76.84648pt too wide) in paragraph at lines 993--993
[]      \OT1/cmtt/m/n/10 day_before = which(all_coin_data$Day.1 == (i-1) & all_
coin_data$Coin == TOP_COINS[j])[] 
 []


Overfull \hbox (8.59708pt too wide) in paragraph at lines 993--993
[]      \OT1/cmtt/m/n/10 if((all_coin_data$Close[day_curr]-all_coin_data$Close[
day_before]) > 0){[] 
 []


Overfull \hbox (8.59708pt too wide) in paragraph at lines 993--993
[]\OT1/cmtt/m/n/10 all_coin_data = cbind(build_response(all_coin_data, TOP_COIN
S), all_coin_data)[] 
 []

[18]
Overfull \hbox (50.59671pt too wide) in paragraph at lines 993--993
[]  \OT1/cmtt/m/n/10 ##Compute the data value for principle component #1 at eac
h data point, exclude coin[] 
 []


Overfull \hbox (76.84648pt too wide) in paragraph at lines 993--993
[]  \OT1/cmtt/m/n/10 pca_var = data.matrix(data_refined[,-1])%*%matrix(pr.out$r
otation[,1:5], nrow=27, ncol=5)[] 
 []

[19]
Overfull \hbox (50.59671pt too wide) in paragraph at lines 993--993
[]  \OT1/cmtt/m/n/10 ##Compute the data value for principle component #1 at eac
h data point, exclude coin[] 
 []


Overfull \hbox (76.84648pt too wide) in paragraph at lines 993--993
[]  \OT1/cmtt/m/n/10 pca_var = data.matrix(data_refined[,-1])%*%matrix(pr.out$r
otation[,1:5], nrow=27, ncol=5)[] 
 []

[20]
Overfull \hbox (24.34694pt too wide) in paragraph at lines 993--993
[]\OT1/cmtt/m/n/10 Group_1 = c(c("eth", "ethereum"),c("etc", "ethereum classic"
), c("rep", "augur"),[] 
 []


Overfull \hbox (24.34694pt too wide) in paragraph at lines 993--993
[]\OT1/cmtt/m/n/10 ## Looking at percent of times it says yes and it is actuall
y yes is more showing[] 
 []

[21]
Overfull \hbox (66.34657pt too wide) in paragraph at lines 993--993
[]  \OT1/cmtt/m/n/10 data = all_coin_data[sample(nrow(all_coin_data), replace =
 TRUE, nrow(all_coin_data)),][] 
 []


Overfull \hbox (55.84666pt too wide) in paragraph at lines 993--993
[]\OT1/cmtt/m/n/10 e_f = c(mean(error_full_1), mean(error_full_2), mean(error_f
ull_3), mean(error_full_4))[] 
 []


Overfull \hbox (40.0968pt too wide) in paragraph at lines 993--993
[]\OT1/cmtt/m/n/10 e_f_sd = 2*c(sd(error_full_1), sd(error_full_2), sd(error_fu
ll_3), sd(error_full_4))[] 
 []

[22] [23] (./Report Template.aux)

LaTeX Warning: There were multiply-defined labels.

 ) 
Here is how much of TeX's memory you used:
 5050 strings out of 493014
 74097 string characters out of 6133351
 150723 words of memory out of 5000000
 8482 multiletter control sequences out of 15000+600000
 13660 words of font info for 55 fonts, out of 8000000 for 9000
 1141 hyphenation exceptions out of 8191
 44i,11n,49p,1283b,367s stack positions out of 5000i,500n,10000p,200000b,80000s
</usr/local/texlive/2016/texmf-dist/fonts/type1/public/amsfonts/cm/cmbx12.pfb
></usr/local/texlive/2016/texmf-dist/fonts/type1/public/amsfonts/cm/cmr10.pfb><
/usr/local/texlive/2016/texmf-dist/fonts/type1/public/amsfonts/cm/cmr12.pfb></u
sr/local/texlive/2016/texmf-dist/fonts/type1/public/amsfonts/cm/cmr17.pfb></usr
/local/texlive/2016/texmf-dist/fonts/type1/public/amsfonts/cm/cmsy10.pfb></usr/
local/texlive/2016/texmf-dist/fonts/type1/public/amsfonts/cm/cmsy7.pfb></usr/lo
cal/texlive/2016/texmf-dist/fonts/type1/public/amsfonts/cm/cmtt10.pfb></usr/loc
al/texlive/2016/texmf-dist/fonts/type1/public/amsfonts/cm/cmtt12.pfb>
Output written on "Report Template.pdf" (24 pages, 352398 bytes).
PDF statistics:
 126 PDF objects out of 1000 (max. 8388607)
 79 compressed objects within 1 object stream
 0 named destinations out of 1000 (max. 500000)
 31 words of extra memory for PDF output out of 10000 (max. 10000000)

